#! /usr/bin/vvp
:ivl_version "10.3 (stable)";
:ivl_delay_selection "TYPICAL";
:vpi_time_precision - 10;
:vpi_module "system";
:vpi_module "vhdl_sys";
:vpi_module "v2005_math";
:vpi_module "va_math";
S_0x55738dfde130 .scope module, "cell_automaton_tb" "cell_automaton_tb" 2 121;
 .timescale -9 -10;
v0x55738e04f700_0 .net "ack", 0 0, v0x55738e04db40_0;  1 drivers
v0x55738e04f7c0_0 .var "allow_memory", 0 0;
v0x55738e04f860_0 .net "busy", 0 0, L_0x55738e04feb0;  1 drivers
v0x55738e04f900_0 .var "clk", 0 0;
v0x55738e04f9a0_0 .var "de_ack", 0 0;
v0x55738e04fa90_0 .net "de_addr", 17 0, L_0x55738e04ff20;  1 drivers
v0x55738e04fb30_0 .net "de_nbyte", 3 0, L_0x55738e0500a0;  1 drivers
v0x55738e04fbd0_0 .net "de_req", 0 0, L_0x55738e04ffe0;  1 drivers
L_0x7fa06d0fe018 .functor BUFT 1, C4<11111111111111111111111111111111>, C4<0>, C4<0>, C4<0>;
v0x55738e04fc70_0 .net "de_w_data", 31 0, L_0x7fa06d0fe018;  1 drivers
v0x55738e04fd40_0 .var/i "file_handle", 31 0;
v0x55738e04fde0_0 .var "req", 0 0;
E_0x55738e0082a0 .event negedge, v0x55738e04e6a0_0;
E_0x55738e00df20 .event posedge, v0x55738e04eaa0_0;
E_0x55738e00b6b0 .event posedge, v0x55738e04e820_0;
S_0x55738dfddf40 .scope module, "ca" "cell_automaton" 2 134, 3 7 0, S_0x55738dfde130;
 .timescale -9 -10;
    .port_info 0 /INPUT 1 "clk"
    .port_info 1 /INPUT 1 "req"
    .port_info 2 /OUTPUT 1 "ack"
    .port_info 3 /OUTPUT 1 "busy"
    .port_info 4 /OUTPUT 1 "de_req"
    .port_info 5 /INPUT 1 "de_ack"
    .port_info 6 /OUTPUT 18 "de_addr"
    .port_info 7 /OUTPUT 4 "de_nbyte"
    .port_info 8 /OUTPUT 32 "de_w_data"
L_0x55738e04feb0 .functor BUFZ 1, v0x55738e04ec40_0, C4<0>, C4<0>, C4<0>;
L_0x55738e04ff20 .functor BUFZ 18, v0x55738e04dc00_0, C4<000000000000000000>, C4<000000000000000000>, C4<000000000000000000>;
L_0x55738e04ffe0 .functor BUFZ 1, v0x55738e04ed00_0, C4<0>, C4<0>, C4<0>;
L_0x55738e0500a0 .functor BUFZ 4, v0x55738e04ee80_0, C4<0000>, C4<0000>, C4<0000>;
v0x55738dffb850_0 .var "A", 3 0;
v0x55738dffe600_0 .var "B", 3 0;
v0x55738dfff710_0 .var "C", 3 0;
v0x55738e04d6d0_0 .var "D", 3 0;
v0x55738e04d7b0_0 .var "E", 3 0;
v0x55738e04d8e0_0 .var "F", 3 0;
v0x55738e04d9c0_0 .var "RAM_r", 0 0;
v0x55738e04da80_0 .var "RAM_w", 0 0;
v0x55738e04db40_0 .var "ack", 0 0;
v0x55738e04dc00_0 .var "addr", 17 0;
v0x55738e04dce0_0 .var "addr_A", 7 0;
v0x55738e04ddc0_0 .var "addr_B", 7 0;
v0x55738e04dea0_0 .var "addr_C", 7 0;
v0x55738e04df80_0 .var "addr_D", 7 0;
v0x55738e04e060_0 .var "addr_E", 7 0;
v0x55738e04e140_0 .var "addr_F", 7 0;
v0x55738e04e220 .array "block_RAM_A", 159 0, 3 0;
v0x55738e04e2e0 .array "block_RAM_B", 159 0, 3 0;
v0x55738e04e3a0 .array "block_RAM_C", 159 0, 3 0;
v0x55738e04e460 .array "block_RAM_D", 159 0, 3 0;
v0x55738e04e520 .array "block_RAM_E", 159 0, 3 0;
v0x55738e04e5e0 .array "block_RAM_F", 159 0, 3 0;
v0x55738e04e6a0_0 .net "busy", 0 0, L_0x55738e04feb0;  alias, 1 drivers
v0x55738e04e760_0 .net "clk", 0 0, v0x55738e04f900_0;  1 drivers
v0x55738e04e820_0 .net "de_ack", 0 0, v0x55738e04f9a0_0;  1 drivers
v0x55738e04e8e0_0 .net "de_addr", 17 0, L_0x55738e04ff20;  alias, 1 drivers
v0x55738e04e9c0_0 .net "de_nbyte", 3 0, L_0x55738e0500a0;  alias, 1 drivers
v0x55738e04eaa0_0 .net "de_req", 0 0, L_0x55738e04ffe0;  alias, 1 drivers
v0x55738e04eb60_0 .net "de_w_data", 31 0, L_0x7fa06d0fe018;  alias, 1 drivers
v0x55738e04ec40_0 .var "int_busy", 0 0;
v0x55738e04ed00_0 .var "int_req", 0 0;
v0x55738e04edc0_0 .var "line", 0 0;
v0x55738e04ee80_0 .var "nbyte", 3 0;
v0x55738e04f170_0 .net "req", 0 0, v0x55738e04fde0_0;  1 drivers
v0x55738e04f230_0 .var "stage", 1 0;
v0x55738e04f310_0 .var "stall", 0 0;
E_0x55738e01f7a0 .event posedge, v0x55738e04e760_0;
E_0x55738e01fe30 .event negedge, v0x55738e04e760_0;
E_0x55738e02d350 .event edge, v0x55738e04edc0_0;
E_0x55738dff6ca0 .event edge, v0x55738e04e820_0;
E_0x55738dff69d0 .event edge, v0x55738e04dc00_0;
S_0x55738dfcb050 .scope function, "newline" "newline" 3 188, 3 188 0, S_0x55738dfddf40;
 .timescale -9 -10;
v0x55738e02b7a0_0 .var "newline", 3 0;
v0x55738e02d3e0_0 .var "previous", 5 0;
TD_cell_automaton_tb.ca.newline ;
    %load/vec4 v0x55738e02d3e0_0;
    %parti/s 3, 0, 2;
    %store/vec4 v0x55738dff8a40_0, 0, 3;
    %fork TD_cell_automaton_tb.ca.rules, S_0x55738e04d3c0;
    %join;
    %load/vec4  v0x55738dff94d0_0;
    %ix/load 4, 0, 0;
    %flag_set/imm 4, 0;
    %store/vec4 v0x55738e02b7a0_0, 4, 1;
    %load/vec4 v0x55738e02d3e0_0;
    %parti/s 3, 1, 2;
    %store/vec4 v0x55738dff8a40_0, 0, 3;
    %fork TD_cell_automaton_tb.ca.rules, S_0x55738e04d3c0;
    %join;
    %load/vec4  v0x55738dff94d0_0;
    %ix/load 4, 1, 0;
    %flag_set/imm 4, 0;
    %store/vec4 v0x55738e02b7a0_0, 4, 1;
    %load/vec4 v0x55738e02d3e0_0;
    %parti/s 3, 2, 3;
    %store/vec4 v0x55738dff8a40_0, 0, 3;
    %fork TD_cell_automaton_tb.ca.rules, S_0x55738e04d3c0;
    %join;
    %load/vec4  v0x55738dff94d0_0;
    %ix/load 4, 2, 0;
    %flag_set/imm 4, 0;
    %store/vec4 v0x55738e02b7a0_0, 4, 1;
    %load/vec4 v0x55738e02d3e0_0;
    %parti/s 3, 3, 3;
    %store/vec4 v0x55738dff8a40_0, 0, 3;
    %fork TD_cell_automaton_tb.ca.rules, S_0x55738e04d3c0;
    %join;
    %load/vec4  v0x55738dff94d0_0;
    %ix/load 4, 3, 0;
    %flag_set/imm 4, 0;
    %store/vec4 v0x55738e02b7a0_0, 4, 1;
    %end;
S_0x55738e04d3c0 .scope function, "rules" "rules" 3 198, 3 198 0, S_0x55738dfddf40;
 .timescale -9 -10;
v0x55738dff8a40_0 .var "previous", 2 0;
v0x55738dff94d0_0 .var "rules", 0 0;
TD_cell_automaton_tb.ca.rules ;
    %load/vec4 v0x55738dff8a40_0;
    %dup/vec4;
    %pushi/vec4 0, 0, 3;
    %cmp/u;
    %jmp/1 T_1.0, 6;
    %dup/vec4;
    %pushi/vec4 1, 0, 3;
    %cmp/u;
    %jmp/1 T_1.1, 6;
    %dup/vec4;
    %pushi/vec4 2, 0, 3;
    %cmp/u;
    %jmp/1 T_1.2, 6;
    %dup/vec4;
    %pushi/vec4 4, 0, 3;
    %cmp/u;
    %jmp/1 T_1.3, 6;
    %dup/vec4;
    %pushi/vec4 3, 0, 3;
    %cmp/u;
    %jmp/1 T_1.4, 6;
    %dup/vec4;
    %pushi/vec4 5, 0, 3;
    %cmp/u;
    %jmp/1 T_1.5, 6;
    %dup/vec4;
    %pushi/vec4 6, 0, 3;
    %cmp/u;
    %jmp/1 T_1.6, 6;
    %dup/vec4;
    %pushi/vec4 7, 0, 3;
    %cmp/u;
    %jmp/1 T_1.7, 6;
    %pushi/vec4 0, 0, 1;
    %store/vec4 v0x55738dff94d0_0, 0, 1;
    %jmp T_1.9;
T_1.0 ;
    %pushi/vec4 0, 0, 1;
    %store/vec4 v0x55738dff94d0_0, 0, 1;
    %jmp T_1.9;
T_1.1 ;
    %pushi/vec4 1, 0, 1;
    %store/vec4 v0x55738dff94d0_0, 0, 1;
    %jmp T_1.9;
T_1.2 ;
    %pushi/vec4 1, 0, 1;
    %store/vec4 v0x55738dff94d0_0, 0, 1;
    %jmp T_1.9;
T_1.3 ;
    %pushi/vec4 1, 0, 1;
    %store/vec4 v0x55738dff94d0_0, 0, 1;
    %jmp T_1.9;
T_1.4 ;
    %pushi/vec4 0, 0, 1;
    %store/vec4 v0x55738dff94d0_0, 0, 1;
    %jmp T_1.9;
T_1.5 ;
    %pushi/vec4 0, 0, 1;
    %store/vec4 v0x55738dff94d0_0, 0, 1;
    %jmp T_1.9;
T_1.6 ;
    %pushi/vec4 1, 0, 1;
    %store/vec4 v0x55738dff94d0_0, 0, 1;
    %jmp T_1.9;
T_1.7 ;
    %pushi/vec4 0, 0, 1;
    %store/vec4 v0x55738dff94d0_0, 0, 1;
    %jmp T_1.9;
T_1.9 ;
    %pop/vec4 1;
    %end;
S_0x55738e04f4f0 .scope task, "test" "test" 2 161, 2 161 0, S_0x55738dfde130;
 .timescale -9 -10;
E_0x55738dfdd8c0 .event edge, v0x55738e04db40_0;
TD_cell_automaton_tb.test ;
    %pushi/vec4 1, 0, 1;
    %store/vec4 v0x55738e04f9a0_0, 0, 1;
    %delay 400, 0;
    %pushi/vec4 0, 0, 1;
    %store/vec4 v0x55738e04f9a0_0, 0, 1;
    %delay 400, 0;
    %pushi/vec4 1, 0, 1;
    %store/vec4 v0x55738e04f7c0_0, 0, 1;
    %pushi/vec4 1, 0, 1;
    %store/vec4 v0x55738e04fde0_0, 0, 1;
    %wait E_0x55738dfdd8c0;
    %delay 400, 0;
    %pushi/vec4 0, 0, 1;
    %store/vec4 v0x55738e04fde0_0, 0, 1;
    %end;
    .scope S_0x55738dfddf40;
T_3 ;
    %wait E_0x55738e01f7a0;
    %load/vec4 v0x55738e04f310_0;
    %nor/r;
    %load/vec4 v0x55738e04d9c0_0;
    %and;
    %flag_set/vec4 8;
    %jmp/0xz  T_3.0, 8;
    %load/vec4 v0x55738e04edc0_0;
    %flag_set/vec4 8;
    %jmp/0xz  T_3.2, 8;
    %load/vec4 v0x55738e04f230_0;
    %dup/vec4;
    %pushi/vec4 0, 0, 2;
    %cmp/u;
    %jmp/1 T_3.4, 6;
    %dup/vec4;
    %pushi/vec4 1, 0, 2;
    %cmp/u;
    %jmp/1 T_3.5, 6;
    %load/vec4 v0x55738e04e060_0;
    %pad/u 9;
    %ix/vec4 4;
    %load/vec4a v0x55738e04e520, 4;
    %store/vec4 v0x55738e04d7b0_0, 0, 4;
    %load/vec4 v0x55738e04e060_0;
    %pushi/vec4 3, 0, 8;
    %add;
    %store/vec4 v0x55738e04e060_0, 0, 8;
    %jmp T_3.7;
T_3.4 ;
    %load/vec4 v0x55738e04e140_0;
    %pad/u 9;
    %ix/vec4 4;
    %load/vec4a v0x55738e04e5e0, 4;
    %store/vec4 v0x55738e04d8e0_0, 0, 4;
    %load/vec4 v0x55738e04e140_0;
    %pushi/vec4 3, 0, 8;
    %add;
    %store/vec4 v0x55738e04e140_0, 0, 8;
    %jmp T_3.7;
T_3.5 ;
    %load/vec4 v0x55738e04df80_0;
    %pad/u 9;
    %ix/vec4 4;
    %load/vec4a v0x55738e04e460, 4;
    %store/vec4 v0x55738e04d6d0_0, 0, 4;
    %load/vec4 v0x55738e04df80_0;
    %pushi/vec4 3, 0, 8;
    %add;
    %store/vec4 v0x55738e04df80_0, 0, 8;
    %jmp T_3.7;
T_3.7 ;
    %pop/vec4 1;
T_3.2 ;
    %load/vec4 v0x55738e04edc0_0;
    %nor/r;
    %flag_set/vec4 8;
    %jmp/0xz  T_3.8, 8;
    %load/vec4 v0x55738e04f230_0;
    %dup/vec4;
    %pushi/vec4 0, 0, 2;
    %cmp/u;
    %jmp/1 T_3.10, 6;
    %dup/vec4;
    %pushi/vec4 1, 0, 2;
    %cmp/u;
    %jmp/1 T_3.11, 6;
    %load/vec4 v0x55738e04ddc0_0;
    %pad/u 9;
    %ix/vec4 4;
    %load/vec4a v0x55738e04e2e0, 4;
    %store/vec4 v0x55738dffe600_0, 0, 4;
    %load/vec4 v0x55738e04ddc0_0;
    %pushi/vec4 3, 0, 8;
    %add;
    %store/vec4 v0x55738e04ddc0_0, 0, 8;
    %jmp T_3.13;
T_3.10 ;
    %load/vec4 v0x55738e04dea0_0;
    %pad/u 9;
    %ix/vec4 4;
    %load/vec4a v0x55738e04e3a0, 4;
    %store/vec4 v0x55738dfff710_0, 0, 4;
    %load/vec4 v0x55738e04dea0_0;
    %pushi/vec4 3, 0, 8;
    %add;
    %store/vec4 v0x55738e04dea0_0, 0, 8;
    %jmp T_3.13;
T_3.11 ;
    %load/vec4 v0x55738e04dce0_0;
    %pad/u 9;
    %ix/vec4 4;
    %load/vec4a v0x55738e04e220, 4;
    %store/vec4 v0x55738dffb850_0, 0, 4;
    %load/vec4 v0x55738e04dce0_0;
    %pushi/vec4 3, 0, 8;
    %add;
    %store/vec4 v0x55738e04dce0_0, 0, 8;
    %jmp T_3.13;
T_3.13 ;
    %pop/vec4 1;
T_3.8 ;
    %pushi/vec4 0, 0, 1;
    %store/vec4 v0x55738e04d9c0_0, 0, 1;
T_3.0 ;
    %jmp T_3;
    .thread T_3;
    .scope S_0x55738dfddf40;
T_4 ;
    %wait E_0x55738e01f7a0;
    %wait E_0x55738dff69d0;
    %pushi/vec4 1, 0, 1;
    %store/vec4 v0x55738e04ed00_0, 0, 1;
    %pushi/vec4 1, 0, 1;
    %store/vec4 v0x55738e04f310_0, 0, 1;
    %wait E_0x55738dff6ca0;
    %pushi/vec4 0, 0, 1;
    %store/vec4 v0x55738e04f310_0, 0, 1;
    %pushi/vec4 0, 0, 1;
    %store/vec4 v0x55738e04ed00_0, 0, 1;
    %jmp T_4;
    .thread T_4;
    .scope S_0x55738dfddf40;
T_5 ;
    %wait E_0x55738e01f7a0;
    %load/vec4 v0x55738e04f310_0;
    %nor/r;
    %load/vec4 v0x55738e04da80_0;
    %and;
    %flag_set/vec4 8;
    %jmp/0xz  T_5.0, 8;
    %load/vec4 v0x55738e04edc0_0;
    %flag_set/vec4 8;
    %jmp/0xz  T_5.2, 8;
    %load/vec4 v0x55738e04f230_0;
    %dup/vec4;
    %pushi/vec4 0, 0, 2;
    %cmp/u;
    %jmp/1 T_5.4, 6;
    %dup/vec4;
    %pushi/vec4 1, 0, 2;
    %cmp/u;
    %jmp/1 T_5.5, 6;
    %load/vec4 v0x55738dffe600_0;
    %load/vec4 v0x55738e04ddc0_0;
    %pad/u 9;
    %ix/vec4 4;
    %store/vec4a v0x55738e04e2e0, 4, 0;
    %load/vec4 v0x55738dffe600_0;
    %store/vec4 v0x55738e04ee80_0, 0, 4;
    %load/vec4 v0x55738e04ddc0_0;
    %pushi/vec4 3, 0, 8;
    %add;
    %store/vec4 v0x55738e04ddc0_0, 0, 8;
    %jmp T_5.7;
T_5.4 ;
    %load/vec4 v0x55738dfff710_0;
    %load/vec4 v0x55738e04dea0_0;
    %pad/u 9;
    %ix/vec4 4;
    %store/vec4a v0x55738e04e3a0, 4, 0;
    %load/vec4 v0x55738dfff710_0;
    %store/vec4 v0x55738e04ee80_0, 0, 4;
    %load/vec4 v0x55738e04dea0_0;
    %pushi/vec4 3, 0, 8;
    %add;
    %store/vec4 v0x55738e04dea0_0, 0, 8;
    %jmp T_5.7;
T_5.5 ;
    %load/vec4 v0x55738dffb850_0;
    %load/vec4 v0x55738e04dce0_0;
    %pad/u 9;
    %ix/vec4 4;
    %store/vec4a v0x55738e04e220, 4, 0;
    %load/vec4 v0x55738dffb850_0;
    %store/vec4 v0x55738e04ee80_0, 0, 4;
    %load/vec4 v0x55738e04dce0_0;
    %pushi/vec4 3, 0, 8;
    %add;
    %store/vec4 v0x55738e04dce0_0, 0, 8;
    %jmp T_5.7;
T_5.7 ;
    %pop/vec4 1;
T_5.2 ;
    %load/vec4 v0x55738e04edc0_0;
    %nor/r;
    %flag_set/vec4 8;
    %jmp/0xz  T_5.8, 8;
    %load/vec4 v0x55738e04f230_0;
    %dup/vec4;
    %pushi/vec4 0, 0, 2;
    %cmp/u;
    %jmp/1 T_5.10, 6;
    %dup/vec4;
    %pushi/vec4 1, 0, 2;
    %cmp/u;
    %jmp/1 T_5.11, 6;
    %load/vec4 v0x55738e04d7b0_0;
    %load/vec4 v0x55738e04e060_0;
    %pad/u 9;
    %ix/vec4 4;
    %store/vec4a v0x55738e04e520, 4, 0;
    %load/vec4 v0x55738e04d7b0_0;
    %store/vec4 v0x55738e04ee80_0, 0, 4;
    %load/vec4 v0x55738e04e060_0;
    %pushi/vec4 3, 0, 8;
    %add;
    %store/vec4 v0x55738e04e060_0, 0, 8;
    %jmp T_5.13;
T_5.10 ;
    %load/vec4 v0x55738e04d8e0_0;
    %load/vec4 v0x55738e04e140_0;
    %pad/u 9;
    %ix/vec4 4;
    %store/vec4a v0x55738e04e5e0, 4, 0;
    %load/vec4 v0x55738e04d8e0_0;
    %store/vec4 v0x55738e04ee80_0, 0, 4;
    %load/vec4 v0x55738e04e140_0;
    %pushi/vec4 3, 0, 8;
    %add;
    %store/vec4 v0x55738e04e140_0, 0, 8;
    %jmp T_5.13;
T_5.11 ;
    %load/vec4 v0x55738e04d6d0_0;
    %load/vec4 v0x55738e04df80_0;
    %pad/u 9;
    %ix/vec4 4;
    %store/vec4a v0x55738e04e460, 4, 0;
    %load/vec4 v0x55738e04d6d0_0;
    %store/vec4 v0x55738e04ee80_0, 0, 4;
    %load/vec4 v0x55738e04df80_0;
    %pushi/vec4 3, 0, 8;
    %add;
    %store/vec4 v0x55738e04df80_0, 0, 8;
    %jmp T_5.13;
T_5.13 ;
    %pop/vec4 1;
T_5.8 ;
    %load/vec4 v0x55738e04dc00_0;
    %pushi/vec4 1, 0, 18;
    %add;
    %store/vec4 v0x55738e04dc00_0, 0, 18;
    %pushi/vec4 0, 0, 1;
    %store/vec4 v0x55738e04da80_0, 0, 1;
T_5.0 ;
    %jmp T_5;
    .thread T_5;
    .scope S_0x55738dfddf40;
T_6 ;
    %wait E_0x55738e01f7a0;
    %load/vec4 v0x55738e04f310_0;
    %nor/r;
    %flag_set/vec4 8;
    %jmp/0xz  T_6.0, 8;
    %load/vec4 v0x55738e04edc0_0;
    %flag_set/vec4 8;
    %jmp/0xz  T_6.2, 8;
    %load/vec4 v0x55738e04f230_0;
    %dup/vec4;
    %pushi/vec4 0, 0, 2;
    %cmp/u;
    %jmp/1 T_6.4, 6;
    %dup/vec4;
    %pushi/vec4 1, 0, 2;
    %cmp/u;
    %jmp/1 T_6.5, 6;
    %load/vec4 v0x55738e04d7b0_0;
    %parti/s 1, 3, 3;
    %load/vec4 v0x55738e04d8e0_0;
    %concat/vec4; draw_concat_vec4
    %load/vec4 v0x55738e04d6d0_0;
    %parti/s 1, 0, 2;
    %concat/vec4; draw_concat_vec4
    %store/vec4 v0x55738e02d3e0_0, 0, 6;
    %fork TD_cell_automaton_tb.ca.newline, S_0x55738dfcb050;
    %join;
    %load/vec4  v0x55738e02b7a0_0;
    %store/vec4 v0x55738dfff710_0, 0, 4;
    %jmp T_6.7;
T_6.4 ;
    %load/vec4 v0x55738e04d8e0_0;
    %parti/s 1, 3, 3;
    %load/vec4 v0x55738e04d6d0_0;
    %concat/vec4; draw_concat_vec4
    %load/vec4 v0x55738e04d7b0_0;
    %parti/s 1, 0, 2;
    %concat/vec4; draw_concat_vec4
    %store/vec4 v0x55738e02d3e0_0, 0, 6;
    %fork TD_cell_automaton_tb.ca.newline, S_0x55738dfcb050;
    %join;
    %load/vec4  v0x55738e02b7a0_0;
    %store/vec4 v0x55738dffb850_0, 0, 4;
    %jmp T_6.7;
T_6.5 ;
    %load/vec4 v0x55738e04d6d0_0;
    %parti/s 1, 3, 3;
    %load/vec4 v0x55738e04d7b0_0;
    %concat/vec4; draw_concat_vec4
    %load/vec4 v0x55738e04d8e0_0;
    %parti/s 1, 0, 2;
    %concat/vec4; draw_concat_vec4
    %store/vec4 v0x55738e02d3e0_0, 0, 6;
    %fork TD_cell_automaton_tb.ca.newline, S_0x55738dfcb050;
    %join;
    %load/vec4  v0x55738e02b7a0_0;
    %store/vec4 v0x55738dffe600_0, 0, 4;
    %jmp T_6.7;
T_6.7 ;
    %pop/vec4 1;
T_6.2 ;
    %load/vec4 v0x55738e04edc0_0;
    %nor/r;
    %flag_set/vec4 8;
    %jmp/0xz  T_6.8, 8;
    %load/vec4 v0x55738e04f230_0;
    %dup/vec4;
    %pushi/vec4 0, 0, 2;
    %cmp/u;
    %jmp/1 T_6.10, 6;
    %dup/vec4;
    %pushi/vec4 1, 0, 2;
    %cmp/u;
    %jmp/1 T_6.11, 6;
    %load/vec4 v0x55738dffe600_0;
    %parti/s 1, 3, 3;
    %load/vec4 v0x55738dfff710_0;
    %concat/vec4; draw_concat_vec4
    %load/vec4 v0x55738dffb850_0;
    %parti/s 1, 0, 2;
    %concat/vec4; draw_concat_vec4
    %store/vec4 v0x55738e02d3e0_0, 0, 6;
    %fork TD_cell_automaton_tb.ca.newline, S_0x55738dfcb050;
    %join;
    %load/vec4  v0x55738e02b7a0_0;
    %store/vec4 v0x55738dfff710_0, 0, 4;
    %jmp T_6.13;
T_6.10 ;
    %load/vec4 v0x55738dfff710_0;
    %parti/s 1, 3, 3;
    %load/vec4 v0x55738dffb850_0;
    %concat/vec4; draw_concat_vec4
    %load/vec4 v0x55738dffe600_0;
    %parti/s 1, 0, 2;
    %concat/vec4; draw_concat_vec4
    %store/vec4 v0x55738e02d3e0_0, 0, 6;
    %fork TD_cell_automaton_tb.ca.newline, S_0x55738dfcb050;
    %join;
    %load/vec4  v0x55738e02b7a0_0;
    %store/vec4 v0x55738dffb850_0, 0, 4;
    %jmp T_6.13;
T_6.11 ;
    %load/vec4 v0x55738dffb850_0;
    %parti/s 1, 3, 3;
    %load/vec4 v0x55738dffe600_0;
    %concat/vec4; draw_concat_vec4
    %load/vec4 v0x55738dfff710_0;
    %parti/s 1, 0, 2;
    %concat/vec4; draw_concat_vec4
    %store/vec4 v0x55738e02d3e0_0, 0, 6;
    %fork TD_cell_automaton_tb.ca.newline, S_0x55738dfcb050;
    %join;
    %load/vec4  v0x55738e02b7a0_0;
    %store/vec4 v0x55738dffe600_0, 0, 4;
    %jmp T_6.13;
T_6.13 ;
    %pop/vec4 1;
T_6.8 ;
T_6.0 ;
    %jmp T_6;
    .thread T_6;
    .scope S_0x55738dfddf40;
T_7 ;
    %wait E_0x55738e01f7a0;
    %load/vec4 v0x55738e04edc0_0;
    %pushi/vec4 640, 0, 32;
    %load/vec4 v0x55738e04dce0_0;
    %pad/u 32;
    %cmp/u;
    %flag_get/vec4 4;
    %flag_get/vec4 5;
    %or;
    %and;
    %pushi/vec4 640, 0, 32;
    %load/vec4 v0x55738e04ddc0_0;
    %pad/u 32;
    %cmp/u;
    %flag_get/vec4 4;
    %flag_get/vec4 5;
    %or;
    %and;
    %pushi/vec4 640, 0, 32;
    %load/vec4 v0x55738e04dea0_0;
    %pad/u 32;
    %cmp/u;
    %flag_get/vec4 4;
    %flag_get/vec4 5;
    %or;
    %and;
    %flag_set/vec4 8;
    %jmp/0xz  T_7.0, 8;
    %load/vec4 v0x55738e04edc0_0;
    %nor/r;
    %store/vec4 v0x55738e04edc0_0, 0, 1;
T_7.0 ;
    %load/vec4 v0x55738e04edc0_0;
    %nor/r;
    %pushi/vec4 640, 0, 32;
    %load/vec4 v0x55738e04df80_0;
    %pad/u 32;
    %cmp/u;
    %flag_get/vec4 4;
    %flag_get/vec4 5;
    %or;
    %and;
    %pushi/vec4 640, 0, 32;
    %load/vec4 v0x55738e04e060_0;
    %pad/u 32;
    %cmp/u;
    %flag_get/vec4 4;
    %flag_get/vec4 5;
    %or;
    %and;
    %pushi/vec4 640, 0, 32;
    %load/vec4 v0x55738e04e140_0;
    %pad/u 32;
    %cmp/u;
    %flag_get/vec4 4;
    %flag_get/vec4 5;
    %or;
    %and;
    %flag_set/vec4 8;
    %jmp/0xz  T_7.2, 8;
    %load/vec4 v0x55738e04edc0_0;
    %nor/r;
    %store/vec4 v0x55738e04edc0_0, 0, 1;
T_7.2 ;
    %jmp T_7;
    .thread T_7;
    .scope S_0x55738dfddf40;
T_8 ;
    %wait E_0x55738e02d350;
    %pushi/vec4 0, 0, 8;
    %store/vec4 v0x55738e04dce0_0, 0, 8;
    %pushi/vec4 1, 0, 8;
    %store/vec4 v0x55738e04ddc0_0, 0, 8;
    %pushi/vec4 255, 0, 8;
    %store/vec4 v0x55738e04dea0_0, 0, 8;
    %pushi/vec4 0, 0, 8;
    %store/vec4 v0x55738e04df80_0, 0, 8;
    %pushi/vec4 1, 0, 8;
    %store/vec4 v0x55738e04e060_0, 0, 8;
    %pushi/vec4 255, 0, 8;
    %store/vec4 v0x55738e04e140_0, 0, 8;
    %load/vec4 v0x55738e04dce0_0;
    %pad/u 9;
    %ix/vec4 4;
    %load/vec4a v0x55738e04e220, 4;
    %store/vec4 v0x55738dffb850_0, 0, 4;
    %load/vec4 v0x55738e04ddc0_0;
    %pad/u 9;
    %ix/vec4 4;
    %load/vec4a v0x55738e04e2e0, 4;
    %store/vec4 v0x55738dffe600_0, 0, 4;
    %load/vec4 v0x55738e04df80_0;
    %pad/u 9;
    %ix/vec4 4;
    %load/vec4a v0x55738e04e460, 4;
    %store/vec4 v0x55738e04d6d0_0, 0, 4;
    %load/vec4 v0x55738e04e060_0;
    %pad/u 9;
    %ix/vec4 4;
    %load/vec4a v0x55738e04e520, 4;
    %store/vec4 v0x55738e04d7b0_0, 0, 4;
    %pushi/vec4 0, 0, 4;
    %store/vec4 v0x55738dfff710_0, 0, 4;
    %pushi/vec4 0, 0, 4;
    %store/vec4 v0x55738e04d8e0_0, 0, 4;
    %pushi/vec4 0, 0, 2;
    %store/vec4 v0x55738e04f230_0, 0, 2;
    %jmp T_8;
    .thread T_8, $push;
    .scope S_0x55738dfddf40;
T_9 ;
    %wait E_0x55738e01fe30;
    %load/vec4 v0x55738e04ec40_0;
    %load/vec4 v0x55738e04f310_0;
    %nor/r;
    %and;
    %flag_set/vec4 8;
    %jmp/0xz  T_9.0, 8;
    %load/vec4 v0x55738e04f230_0;
    %dup/vec4;
    %pushi/vec4 0, 0, 2;
    %cmp/u;
    %jmp/1 T_9.2, 6;
    %dup/vec4;
    %pushi/vec4 1, 0, 2;
    %cmp/u;
    %jmp/1 T_9.3, 6;
    %dup/vec4;
    %pushi/vec4 2, 0, 2;
    %cmp/u;
    %jmp/1 T_9.4, 6;
    %jmp T_9.5;
T_9.2 ;
    %pushi/vec4 1, 0, 2;
    %store/vec4 v0x55738e04f230_0, 0, 2;
    %jmp T_9.5;
T_9.3 ;
    %pushi/vec4 2, 0, 2;
    %store/vec4 v0x55738e04f230_0, 0, 2;
    %jmp T_9.5;
T_9.4 ;
    %pushi/vec4 0, 0, 2;
    %store/vec4 v0x55738e04f230_0, 0, 2;
    %jmp T_9.5;
T_9.5 ;
    %pop/vec4 1;
    %pushi/vec4 1, 0, 1;
    %store/vec4 v0x55738e04d9c0_0, 0, 1;
    %pushi/vec4 1, 0, 1;
    %store/vec4 v0x55738e04da80_0, 0, 1;
T_9.0 ;
    %jmp T_9;
    .thread T_9;
    .scope S_0x55738dfddf40;
T_10 ;
    %wait E_0x55738e01f7a0;
    %load/vec4 v0x55738e04f170_0;
    %flag_set/vec4 8;
    %jmp/0xz  T_10.0, 8;
    %pushi/vec4 0, 0, 2;
    %store/vec4 v0x55738e04f230_0, 0, 2;
    %pushi/vec4 0, 0, 1;
    %store/vec4 v0x55738e04edc0_0, 0, 1;
    %pushi/vec4 1, 0, 1;
    %store/vec4 v0x55738e04db40_0, 0, 1;
    %pushi/vec4 1, 0, 1;
    %store/vec4 v0x55738e04ec40_0, 0, 1;
    %pushi/vec4 0, 0, 1;
    %store/vec4 v0x55738e04f310_0, 0, 1;
    %jmp T_10.1;
T_10.0 ;
    %pushi/vec4 0, 0, 1;
    %store/vec4 v0x55738e04db40_0, 0, 1;
T_10.1 ;
    %jmp T_10;
    .thread T_10;
    .scope S_0x55738dfddf40;
T_11 ;
    %pushi/vec4 1, 0, 1;
    %store/vec4 v0x55738e04edc0_0, 0, 1;
    %pushi/vec4 0, 0, 1;
    %store/vec4 v0x55738e04ec40_0, 0, 1;
    %pushi/vec4 0, 0, 1;
    %store/vec4 v0x55738e04ed00_0, 0, 1;
    %pushi/vec4 0, 0, 1;
    %store/vec4 v0x55738e04db40_0, 0, 1;
    %pushi/vec4 0, 0, 18;
    %store/vec4 v0x55738e04dc00_0, 0, 18;
    %pushi/vec4 15, 0, 4;
    %store/vec4 v0x55738e04ee80_0, 0, 4;
    %vpi_call 3 248 "$readmemh", "initial.mem", v0x55738e04e220 {0 0 0};
    %vpi_call 3 249 "$readmemh", "initial.mem", v0x55738e04e2e0 {0 0 0};
    %vpi_call 3 250 "$readmemh", "initial.mem", v0x55738e04e3a0 {0 0 0};
    %vpi_call 3 251 "$readmemh", "initial.mem", v0x55738e04e460 {0 0 0};
    %vpi_call 3 252 "$readmemh", "initial.mem", v0x55738e04e520 {0 0 0};
    %vpi_call 3 253 "$readmemh", "initial.mem", v0x55738e04e5e0 {0 0 0};
    %end;
    .thread T_11;
    .scope S_0x55738dfde130;
T_12 ;
    %pushi/vec4 0, 0, 1;
    %store/vec4 v0x55738e04f900_0, 0, 1;
T_12.0 ;
    %delay 200, 0;
    %load/vec4 v0x55738e04f900_0;
    %nor/r;
    %store/vec4 v0x55738e04f900_0, 0, 1;
    %jmp T_12.0;
    %vpi_call 2 141 "$stop" {0 0 0};
    %end;
    .thread T_12;
    .scope S_0x55738dfde130;
T_13 ;
    %delay 200000, 0;
    %vpi_call 2 146 "$finish" {0 0 0};
    %end;
    .thread T_13;
    .scope S_0x55738dfde130;
T_14 ;
    %wait E_0x55738e00df20;
    %load/vec4 v0x55738e04fbd0_0;
    %pad/u 32;
    %cmpi/e 1, 0, 32;
    %jmp/0xz  T_14.0, 6;
    %wait E_0x55738e01f7a0;
T_14.2 ;
    %load/vec4 v0x55738e04fbd0_0;
    %flag_set/vec4 8;
    %jmp/0xz T_14.3, 8;
    %delay 400, 0;
    %load/vec4 v0x55738e04f9a0_0;
    %nor/r;
    %store/vec4 v0x55738e04f9a0_0, 0, 1;
    %jmp T_14.2;
T_14.3 ;
T_14.0 ;
    %pushi/vec4 0, 0, 1;
    %store/vec4 v0x55738e04f9a0_0, 0, 1;
    %jmp T_14;
    .thread T_14;
    .scope S_0x55738dfde130;
T_15 ;
    %wait E_0x55738e00b6b0;
    %pushi/vec4 1, 0, 1;
    %store/vec4 v0x55738e04f7c0_0, 0, 1;
    %jmp T_15;
    .thread T_15;
    .scope S_0x55738dfde130;
T_16 ;
    %wait E_0x55738e00df20;
    %vpi_call 2 177 "$fdisplay", v0x55738e04fd40_0, "%b", v0x55738e04fb30_0 {0 0 0};
    %load/vec4 v0x55738e04fa90_0;
    %pad/u 32;
    %addi 1, 0, 32;
    %pushi/vec4 640, 0, 32;
    %mod;
    %cmpi/e 0, 0, 32;
    %jmp/0xz  T_16.0, 4;
    %vpi_call 2 178 "$fdisplay", v0x55738e04fd40_0, "\012" {0 0 0};
T_16.0 ;
    %jmp T_16;
    .thread T_16;
    .scope S_0x55738dfde130;
T_17 ;
    %vpi_func 2 184 "$fopen" 32, "output.txt" {0 0 0};
    %store/vec4 v0x55738e04fd40_0, 0, 32;
    %delay 1000, 0;
    %wait E_0x55738e01f7a0;
    %fork TD_cell_automaton_tb.test, S_0x55738e04f4f0;
    %join;
    %wait E_0x55738e0082a0;
    %vpi_call 2 189 "$stop" {0 0 0};
    %vpi_call 2 190 "$fclose", v0x55738e04fd40_0 {0 0 0};
    %delay 1000, 0;
    %vpi_call 2 191 "$finish" {0 0 0};
    %end;
    .thread T_17;
    .scope S_0x55738dfde130;
T_18 ;
    %vpi_call 2 196 "$dumpfile", "cell_automaton_tb_results.vcd" {0 0 0};
    %vpi_call 2 197 "$dumpvars" {0 0 0};
    %end;
    .thread T_18;
# The file index is used to find the file name in the following table.
:file_names 4;
    "N/A";
    "<interactive>";
    "cell_automaton_tb.v";
    "cell_automaton.v";
